{"timestamp": "2025-10-30T19:52:28.753242Z", "event": "DB_ACTION", "details": {"action": "seed_user", "user": "pedro"}}
{"timestamp": "2025-10-30T19:53:00.402674Z", "event": "LOGIN_FAIL", "details": {"user": "augusto", "reason": "no_user"}}
{"timestamp": "2025-10-30T19:58:32.536107Z", "event": "LOGIN_FAIL", "details": {"user": "pedro", "reason": "validation"}}
{"timestamp": "2025-10-30T19:58:38.170818Z", "event": "LOGIN_FAIL", "details": {"user": "Pedro", "reason": "validation"}}
{"timestamp": "2025-10-30T19:58:42.281304Z", "event": "LOGIN_FAIL", "details": {"user": "Pedro", "reason": "validation"}}
{"timestamp": "2025-10-30T19:59:11.150703Z", "event": "LOGIN_FAIL", "details": {"user": "pedro", "reason": "validation"}}
{"timestamp": "2025-10-30T20:03:29.548738Z", "event": "LOGIN_FAIL", "details": {"user": "pedro", "reason": "validation"}}
{"timestamp": "2025-10-30T20:04:55.281031Z", "event": "LOGIN_FAIL", "details": {"user": "pedro", "reason": "bad_credentials", "attempts": 1}}
{"timestamp": "2025-10-30T20:05:04.273910Z", "event": "LOGIN_FAIL", "details": {"user": "pedro", "reason": "validation"}}
{"timestamp": "2025-10-30T20:12:02.910233Z", "event": "DB_ACTION", "details": {"action": "seed_user", "user": "augusto"}}
{"timestamp": "2025-10-30T20:12:03.316516Z", "event": "DB_ACTION", "details": {"action": "seed_user", "user": "maite"}}
{"timestamp": "2025-10-30T20:12:03.766292Z", "event": "DB_ACTION", "details": {"action": "seed_user", "user": "maximo"}}
{"timestamp": "2025-10-30T20:12:04.139462Z", "event": "DB_ACTION", "details": {"action": "update_user_seed", "user": "pedro"}}
{"timestamp": "2025-10-30T20:12:04.627079Z", "event": "DB_ACTION", "details": {"action": "seed_user", "user": "nicole"}}
{"timestamp": "2025-10-30T20:13:00.957839Z", "event": "LOGIN_SUCCESS", "details": {"user": "augusto", "role": "user"}}
{"timestamp": "2025-10-30T20:13:15.215352Z", "event": "LOGIN_SUCCESS", "details": {"user": "maximo", "role": "user"}}
{"timestamp": "2025-10-30T20:13:19.810899Z", "event": "LOGIN_SUCCESS", "details": {"user": "pedro", "role": "admin"}}
{"timestamp": "2025-10-30T20:13:25.051418Z", "event": "LOGIN_FAIL", "details": {"user": "bauti", "reason": "no_user"}}
{"timestamp": "2025-10-30T20:13:28.189749Z", "event": "LOGIN_FAIL", "details": {"user": "bautista", "reason": "no_user"}}
{"timestamp": "2025-10-31T00:03:57.523293Z", "event": "LOGIN_FAIL", "details": {"user": "pedro' OR '1'='1", "reason": "validation"}}
{"timestamp": "2025-10-31T00:04:06.373906Z", "event": "LOGIN_FAIL", "details": {"user": "pedro' OR '1'='1", "reason": "validation"}}
{"timestamp": "2025-10-31T00:04:18.561484Z", "event": "LOGIN_FAIL", "details": {"user": "'pedro' OR '1'='1'", "reason": "validation"}}
{"timestamp": "2025-10-31T00:42:42.794307Z", "event": "LOGIN_SUCCESS", "details": {"user": "augusto", "role": "user"}}
{"timestamp": "2025-10-31T03:21:04.474307Z", "event": "DB_ACTION", "details": {"action": "update_user_seed", "user": "augusto", "role": "admin"}}
{"timestamp": "2025-10-31T03:21:04.730065Z", "event": "DB_ACTION", "details": {"action": "update_user_seed", "user": "maite", "role": "user"}}
{"timestamp": "2025-10-31T03:21:05.085315Z", "event": "DB_ACTION", "details": {"action": "update_user_seed", "user": "maximo", "role": "user"}}
{"timestamp": "2025-10-31T03:21:05.326500Z", "event": "DB_ACTION", "details": {"action": "update_user_seed", "user": "pedro", "role": "user"}}
{"timestamp": "2025-10-31T03:21:05.596460Z", "event": "DB_ACTION", "details": {"action": "update_user_seed", "user": "nicole", "role": "user"}}
{"timestamp": "2025-10-31T03:22:11.656332Z", "event": "LOGIN_FAIL", "details": {"user": "pedro", "reason": "bad_credentials", "attempts": 1}}
{"timestamp": "2025-10-31T03:22:26.202183Z", "event": "LOGIN_FAIL", "details": {"user": "pedro", "reason": "bad_credentials", "attempts": 2}}
{"timestamp": "2025-10-31T03:22:55.253445Z", "event": "LOGIN_SUCCESS", "details": {"user": "pedro", "role": "user"}}
{"timestamp": "2025-10-31T03:23:04.540123Z", "event": "LOGIN_SUCCESS", "details": {"user": "augusto", "role": "admin"}}
{"timestamp": "2025-10-31T04:27:31.863309Z", "event": "LOGIN_SUCCESS", "details": {"user": "augusto", "role": "admin", "last_login": "2025-10-31T04:27:31.846201"}}
{"timestamp": "2025-10-31T04:30:23.127026Z", "event": "LOGIN_SUCCESS", "details": {"user": "maximo", "role": "user", "last_login": "2025-10-31T04:30:23.109609"}}
{"timestamp": "2025-11-01T22:30:21.495914Z", "event": "LOGIN_SUCCESS", "details": {"user": "pedro", "role": "user", "last_login": "2025-11-01T22:30:21.485569"}}
{"timestamp": "2025-11-01T22:30:35.938110Z", "event": "LOGIN_SUCCESS", "details": {"user": "augusto", "role": "admin", "last_login": "2025-11-01T22:30:35.920411"}}
{"timestamp": "2025-11-01T22:31:32.915795Z", "event": "LOGIN_FAIL", "details": {"user": "augusto", "reason": "validation_password"}}
{"timestamp": "2025-11-01T22:31:34.665410Z", "event": "LOGIN_FAIL", "details": {"user": "augusto", "reason": "validation_password"}}
{"timestamp": "2025-11-01T22:31:36.379011Z", "event": "LOGIN_FAIL", "details": {"user": "augusto", "reason": "validation_password"}}
{"timestamp": "2025-11-01T22:31:37.697888Z", "event": "LOGIN_FAIL", "details": {"user": "augusto", "reason": "validation_password"}}
{"timestamp": "2025-11-01T22:31:39.077128Z", "event": "LOGIN_FAIL", "details": {"user": "augusto", "reason": "validation_password"}}
{"timestamp": "2025-11-01T22:31:40.376699Z", "event": "LOGIN_FAIL", "details": {"user": "augusto", "reason": "validation_password"}}
{"timestamp": "2025-11-01T22:31:41.630383Z", "event": "LOGIN_FAIL", "details": {"user": "augusto", "reason": "validation_password"}}
{"timestamp": "2025-11-01T22:31:43.009215Z", "event": "LOGIN_FAIL", "details": {"user": "augusto", "reason": "validation_password"}}
{"timestamp": "2025-11-01T22:31:44.389574Z", "event": "LOGIN_FAIL", "details": {"user": "augusto", "reason": "validation_password"}}
{"timestamp": "2025-11-01T22:31:49.610794Z", "event": "LOGIN_SUCCESS", "details": {"user": "augusto", "role": "admin", "last_login": "2025-11-01T22:31:49.593167"}}
{"timestamp": "2025-11-01T22:33:05.983493Z", "event": "LOGIN_FAIL", "details": {"user": "augusto", "reason": "bad_credentials", "attempts": 1}}
{"timestamp": "2025-11-01T22:33:17.606452Z", "event": "LOGIN_FAIL", "details": {"user": "augusto", "reason": "bad_credentials", "attempts": 2}}
{"timestamp": "2025-11-01T22:33:43.663572Z", "event": "LOGIN_FAIL", "details": {"user": "augusto", "reason": "bad_credentials", "attempts": 3}}
{"timestamp": "2025-11-01T22:34:18.449688Z", "event": "LOGIN_FAIL", "details": {"user": "augusto", "reason": "bad_credentials", "attempts": 4}}
{"timestamp": "2025-11-01T22:34:37.960768Z", "event": "DB_ACTION", "details": {"action": "register_user", "user": "bautista"}}
{"timestamp": "2025-11-01T22:34:44.312821Z", "event": "LOGIN_SUCCESS", "details": {"user": "augusto", "role": "admin", "last_login": "2025-11-01T22:34:44.293979"}}
